<?xml version="1.0" encoding="UTF-8"?>
<!-- Generated by org.testng.reporters.JUnitReportReporter -->
<testsuite hostname="FFE-Pavan-Kumar-FFE179" failures="0" tests="1" name="script.DemoTest" time="46.261" errors="0" timestamp="2024-02-25T12:15:04 IST" skipped="0">
  <testcase classname="script.DemoTest" name="testA" time="46.261">
    <system-out>
      <![CDATA[Google
RC:6
CC:3
Valueusername]]>
    </system-out>
  </testcase> <!-- testA -->
  <system-out>
    <![CDATA[Google
RC:6
CC:3
Valueusername]]>
  </system-out>
</testsuite> <!-- script.DemoTest -->
